# JRE version: OpenJDK Runtime Environment (8.0_242-b01) (build 1.8.0_242-release-1644-b01)
# Java VM: OpenJDK 64-Bit Server VM (25.242-b01 mixed mode windows-amd64 compressed oops)
Heap:
 PSYoungGen      total 667136K, used 398941K [0x00000000d5580000, 0x00000000ffe00000, 0x0000000100000000)
  eden space 636928K, 61% used [0x00000000d5580000,0x00000000ed4eb348,0x00000000fc380000)
  from space 30208K, 20% used [0x00000000fc380000,0x00000000fc9ac210,0x00000000fe100000)
  to   space 29184K, 0% used [0x00000000fe180000,0x00000000fe180000,0x00000000ffe00000)
 ParOldGen       total 160256K, used 134219K [0x0000000080000000, 0x0000000089c80000, 0x00000000d5580000)
  object space 160256K, 83% used [0x0000000080000000,0x0000000088312f68,0x0000000089c80000)
 Metaspace       used 80148K, capacity 84446K, committed 84632K, reserved 1122304K
  class space    used 10869K, capacity 11645K, committed 11696K, reserved 1048576K
GC Heap History (10 events):
Event: 117.270 GC heap before
{Heap before GC invocations=25 (full 4):
 PSYoungGen      total 578560K, used 562979K [0x00000000d5580000, 0x00000000fb500000, 0x0000000100000000)
  eden space 557568K, 100% used [0x00000000d5580000,0x00000000f7600000,0x00000000f7600000)
  from space 20992K, 25% used [0x00000000fa080000,0x00000000fa5c8db0,0x00000000fb500000)
  to   space 32256K, 0% used [0x00000000f7600000,0x00000000f7600000,0x00000000f9580000)
 ParOldGen       total 160256K, used 113722K [0x0000000080000000, 0x0000000089c80000, 0x00000000d5580000)
  object space 160256K, 70% used [0x0000000080000000,0x0000000086f0e9d8,0x0000000089c80000)
 Metaspace       used 79963K, capacity 84138K, committed 84376K, reserved 1122304K
  class space    used 10863K, capacity 11639K, committed 11696K, reserved 1048576K
Event: 117.705 GC heap after
Heap after GC invocations=25 (full 4):
 PSYoungGen      total 589824K, used 10604K [0x00000000d5580000, 0x0000000100000000, 0x0000000100000000)
  eden space 557568K, 0% used [0x00000000d5580000,0x00000000d5580000,0x00000000f7600000)
  from space 32256K, 32% used [0x00000000f7600000,0x00000000f805b030,0x00000000f9580000)
  to   space 30208K, 0% used [0x00000000fe280000,0x00000000fe280000,0x0000000100000000)
 ParOldGen       total 160256K, used 116245K [0x0000000080000000, 0x0000000089c80000, 0x00000000d5580000)
  object space 160256K, 72% used [0x0000000080000000,0x0000000087185700,0x0000000089c80000)
 Metaspace       used 79963K, capacity 84138K, committed 84376K, reserved 1122304K
  class space    used 10863K, capacity 11639K, committed 11696K, reserved 1048576K
}
Event: 124.510 GC heap before
{Heap before GC invocations=26 (full 4):
 PSYoungGen      total 589824K, used 568172K [0x00000000d5580000, 0x0000000100000000, 0x0000000100000000)
  eden space 557568K, 100% used [0x00000000d5580000,0x00000000f7600000,0x00000000f7600000)
  from space 32256K, 32% used [0x00000000f7600000,0x00000000f805b030,0x00000000f9580000)
  to   space 30208K, 0% used [0x00000000fe280000,0x00000000fe280000,0x0000000100000000)
 ParOldGen       total 160256K, used 116245K [0x0000000080000000, 0x0000000089c80000, 0x00000000d5580000)
  object space 160256K, 72% used [0x0000000080000000,0x0000000087185700,0x0000000089c80000)
 Metaspace       used 80040K, capacity 84232K, committed 84376K, reserved 1122304K
  class space    used 10868K, capacity 11644K, committed 11696K, reserved 1048576K
Event: 124.585 GC heap after
Heap after GC invocations=26 (full 4):
 PSYoungGen      total 665600K, used 20396K [0x00000000d5580000, 0x0000000100000000, 0x0000000100000000)
  eden space 635392K, 0% used [0x00000000d5580000,0x00000000d5580000,0x00000000fc200000)
  from space 30208K, 67% used [0x00000000fe280000,0x00000000ff66b318,0x0000000100000000)
  to   space 31744K, 0% used [0x00000000fc200000,0x00000000fc200000,0x00000000fe100000)
 ParOldGen       total 160256K, used 121324K [0x0000000080000000, 0x0000000089c80000, 0x00000000d5580000)
  object space 160256K, 75% used [0x0000000080000000,0x000000008767b078,0x0000000089c80000)
 Metaspace       used 80040K, capacity 84232K, committed 84376K, reserved 1122304K
  class space    used 10868K, capacity 11644K, committed 11696K, reserved 1048576K
}
Event: 127.894 GC heap before
{Heap before GC invocations=27 (full 4):
 PSYoungGen      total 665600K, used 655788K [0x00000000d5580000, 0x0000000100000000, 0x0000000100000000)
  eden space 635392K, 100% used [0x00000000d5580000,0x00000000fc200000,0x00000000fc200000)
  from space 30208K, 67% used [0x00000000fe280000,0x00000000ff66b318,0x0000000100000000)
  to   space 31744K, 0% used [0x00000000fc200000,0x00000000fc200000,0x00000000fe100000)
 ParOldGen       total 160256K, used 121324K [0x0000000080000000, 0x0000000089c80000, 0x00000000d5580000)
  object space 160256K, 75% used [0x0000000080000000,0x000000008767b078,0x0000000089c80000)
 Metaspace       used 80083K, capacity 84248K, committed 84376K, reserved 1122304K
  class space    used 10868K, capacity 11644K, committed 11696K, reserved 1048576K
Event: 128.007 GC heap after
Heap after GC invocations=27 (full 4):
 PSYoungGen      total 667136K, used 11906K [0x00000000d5580000, 0x00000000ffe80000, 0x0000000100000000)
  eden space 635392K, 0% used [0x00000000d5580000,0x00000000d5580000,0x00000000fc200000)
  from space 31744K, 37% used [0x00000000fc200000,0x00000000fcda08e8,0x00000000fe100000)
  to   space 30208K, 0% used [0x00000000fe100000,0x00000000fe100000,0x00000000ffe80000)
 ParOldGen       total 160256K, used 134219K [0x0000000080000000, 0x0000000089c80000, 0x00000000d5580000)
  object space 160256K, 83% used [0x0000000080000000,0x0000000088312f68,0x0000000089c80000)
 Metaspace       used 80083K, capacity 84248K, committed 84376K, reserved 1122304K
  class space    used 10868K, capacity 11644K, committed 11696K, reserved 1048576K
}
Event: 133.100 GC heap before
{Heap before GC invocations=28 (full 4):
 PSYoungGen      total 667136K, used 647298K [0x00000000d5580000, 0x00000000ffe80000, 0x0000000100000000)
  eden space 635392K, 100% used [0x00000000d5580000,0x00000000fc200000,0x00000000fc200000)
  from space 31744K, 37% used [0x00000000fc200000,0x00000000fcda08e8,0x00000000fe100000)
  to   space 30208K, 0% used [0x00000000fe100000,0x00000000fe100000,0x00000000ffe80000)
 ParOldGen       total 160256K, used 134219K [0x0000000080000000, 0x0000000089c80000, 0x00000000d5580000)
  object space 160256K, 83% used [0x0000000080000000,0x0000000088312f68,0x0000000089c80000)
 Metaspace       used 80100K, capacity 84254K, committed 84376K, reserved 1122304K
  class space    used 10869K, capacity 11645K, committed 11696K, reserved 1048576K
Event: 133.167 GC heap after
Heap after GC invocations=28 (full 4):
 PSYoungGen      total 667136K, used 16909K [0x00000000d5580000, 0x00000000ffe80000, 0x0000000100000000)
  eden space 636928K, 0% used [0x00000000d5580000,0x00000000d5580000,0x00000000fc380000)
  from space 30208K, 55% used [0x00000000fe100000,0x00000000ff1835b8,0x00000000ffe80000)
  to   space 30208K, 0% used [0x00000000fc380000,0x00000000fc380000,0x00000000fe100000)
 ParOldGen       total 160256K, used 134219K [0x0000000080000000, 0x0000000089c80000, 0x00000000d5580000)
  object space 160256K, 83% used [0x0000000080000000,0x0000000088312f68,0x0000000089c80000)
 Metaspace       used 80100K, capacity 84254K, committed 84376K, reserved 1122304K
  class space    used 10869K, capacity 11645K, committed 11696K, reserved 1048576K
}
Event: 136.427 GC heap before
{Heap before GC invocations=29 (full 4):
 PSYoungGen      total 667136K, used 653837K [0x00000000d5580000, 0x00000000ffe80000, 0x0000000100000000)
  eden space 636928K, 100% used [0x00000000d5580000,0x00000000fc380000,0x00000000fc380000)
  from space 30208K, 55% used [0x00000000fe100000,0x00000000ff1835b8,0x00000000ffe80000)
  to   space 30208K, 0% used [0x00000000fc380000,0x00000000fc380000,0x00000000fe100000)
 ParOldGen       total 160256K, used 134219K [0x0000000080000000, 0x0000000089c80000, 0x00000000d5580000)
  object space 160256K, 83% used [0x0000000080000000,0x0000000088312f68,0x0000000089c80000)
 Metaspace       used 80128K, capacity 84318K, committed 84376K, reserved 1122304K
  class space    used 10869K, capacity 11645K, committed 11696K, reserved 1048576K
Event: 136.460 GC heap after
Heap after GC invocations=29 (full 4):
 PSYoungGen      total 667136K, used 6320K [0x00000000d5580000, 0x00000000ffe00000, 0x0000000100000000)
  eden space 636928K, 0% used [0x00000000d5580000,0x00000000d5580000,0x00000000fc380000)
  from space 30208K, 20% used [0x00000000fc380000,0x00000000fc9ac210,0x00000000fe100000)
  to   space 29184K, 0% used [0x00000000fe180000,0x00000000fe180000,0x00000000ffe00000)
 ParOldGen       total 160256K, used 134219K [0x0000000080000000, 0x0000000089c80000, 0x00000000d5580000)
  object space 160256K, 83% used [0x0000000080000000,0x0000000088312f68,0x0000000089c80000)
 Metaspace       used 80128K, capacity 84318K, committed 84376K, reserved 1122304K
  class space    used 10869K, capacity 11645K, committed 11696K, reserved 1048576K
}

