# JRE version: OpenJDK Runtime Environment (8.0_242-b01) (build 1.8.0_242-release-1644-b01)
# Java VM: OpenJDK 64-Bit Server VM (25.242-b01 mixed mode windows-amd64 compressed oops)
Heap:
 PSYoungGen      total 375808K, used 50444K [0x00000000d5580000, 0x00000000f3a00000, 0x0000000100000000)
  eden space 342016K, 4% used [0x00000000d5580000,0x00000000d65c6308,0x00000000ea380000)
  from space 33792K, 99% used [0x00000000ea380000,0x00000000ec47ce40,0x00000000ec480000)
  to   space 44544K, 0% used [0x00000000f0e80000,0x00000000f0e80000,0x00000000f3a00000)
 ParOldGen       total 126464K, used 68596K [0x0000000080000000, 0x0000000087b80000, 0x00000000d5580000)
  object space 126464K, 54% used [0x0000000080000000,0x00000000842fd3c8,0x0000000087b80000)
 Metaspace       used 105387K, capacity 110324K, committed 110668K, reserved 1144832K
  class space    used 13618K, capacity 14547K, committed 14708K, reserved 1048576K
GC Heap History (10 events):
Event: 2646.270 GC heap before
{Heap before GC invocations=31 (full 3):
 PSYoungGen      total 268288K, used 93462K [0x00000000d5580000, 0x00000000eac80000, 0x0000000100000000)
  eden space 244224K, 28% used [0x00000000d5580000,0x00000000d9946708,0x00000000e4400000)
  from space 24064K, 99% used [0x00000000e4400000,0x00000000e5b7f4e0,0x00000000e5b80000)
  to   space 29696K, 0% used [0x00000000e8f80000,0x00000000e8f80000,0x00000000eac80000)
 ParOldGen       total 96256K, used 70197K [0x0000000080000000, 0x0000000085e00000, 0x00000000d5580000)
  object space 96256K, 72% used [0x0000000080000000,0x000000008448d750,0x0000000085e00000)
 Metaspace       used 93745K, capacity 98256K, committed 98380K, reserved 1134592K
  class space    used 12145K, capacity 13090K, committed 13172K, reserved 1048576K
Event: 2647.597 GC heap after
Heap after GC invocations=31 (full 3):
 PSYoungGen      total 317952K, used 27351K [0x00000000d5580000, 0x00000000eb100000, 0x0000000100000000)
  eden space 288256K, 0% used [0x00000000d5580000,0x00000000d5580000,0x00000000e6f00000)
  from space 29696K, 92% used [0x00000000e8f80000,0x00000000eaa35d18,0x00000000eac80000)
  to   space 33280K, 0% used [0x00000000e6f00000,0x00000000e6f00000,0x00000000e8f80000)
 ParOldGen       total 96256K, used 71452K [0x0000000080000000, 0x0000000085e00000, 0x00000000d5580000)
  object space 96256K, 74% used [0x0000000080000000,0x00000000845c7070,0x0000000085e00000)
 Metaspace       used 93745K, capacity 98256K, committed 98380K, reserved 1134592K
  class space    used 12145K, capacity 13090K, committed 13172K, reserved 1048576K
}
Event: 2647.598 GC heap before
{Heap before GC invocations=32 (full 4):
 PSYoungGen      total 317952K, used 27351K [0x00000000d5580000, 0x00000000eb100000, 0x0000000100000000)
  eden space 288256K, 0% used [0x00000000d5580000,0x00000000d5580000,0x00000000e6f00000)
  from space 29696K, 92% used [0x00000000e8f80000,0x00000000eaa35d18,0x00000000eac80000)
  to   space 33280K, 0% used [0x00000000e6f00000,0x00000000e6f00000,0x00000000e8f80000)
 ParOldGen       total 96256K, used 71452K [0x0000000080000000, 0x0000000085e00000, 0x00000000d5580000)
  object space 96256K, 74% used [0x0000000080000000,0x00000000845c7070,0x0000000085e00000)
 Metaspace       used 93745K, capacity 98256K, committed 98380K, reserved 1134592K
  class space    used 12145K, capacity 13090K, committed 13172K, reserved 1048576K
Event: 2656.812 GC heap after
Heap after GC invocations=32 (full 4):
 PSYoungGen      total 317952K, used 0K [0x00000000d5580000, 0x00000000eb100000, 0x0000000100000000)
  eden space 288256K, 0% used [0x00000000d5580000,0x00000000d5580000,0x00000000e6f00000)
  from space 29696K, 0% used [0x00000000e8f80000,0x00000000e8f80000,0x00000000eac80000)
  to   space 33280K, 0% used [0x00000000e6f00000,0x00000000e6f00000,0x00000000e8f80000)
 ParOldGen       total 126464K, used 52035K [0x0000000080000000, 0x0000000087b80000, 0x00000000d5580000)
  object space 126464K, 41% used [0x0000000080000000,0x00000000832d0dc0,0x0000000087b80000)
 Metaspace       used 92924K, capacity 96794K, committed 98380K, reserved 1134592K
  class space    used 11990K, capacity 12806K, committed 13172K, reserved 1048576K
}
Event: 2688.175 GC heap before
{Heap before GC invocations=33 (full 4):
 PSYoungGen      total 317952K, used 288256K [0x00000000d5580000, 0x00000000eb100000, 0x0000000100000000)
  eden space 288256K, 100% used [0x00000000d5580000,0x00000000e6f00000,0x00000000e6f00000)
  from space 29696K, 0% used [0x00000000e8f80000,0x00000000e8f80000,0x00000000eac80000)
  to   space 33280K, 0% used [0x00000000e6f00000,0x00000000e6f00000,0x00000000e8f80000)
 ParOldGen       total 126464K, used 52035K [0x0000000080000000, 0x0000000087b80000, 0x00000000d5580000)
  object space 126464K, 41% used [0x0000000080000000,0x00000000832d0dc0,0x0000000087b80000)
 Metaspace       used 96970K, capacity 101030K, committed 102476K, reserved 1138688K
  class space    used 12511K, capacity 13356K, committed 13684K, reserved 1048576K
Event: 2690.414 GC heap after
Heap after GC invocations=33 (full 4):
 PSYoungGen      total 321536K, used 13542K [0x00000000d5580000, 0x00000000ee400000, 0x0000000100000000)
  eden space 288256K, 0% used [0x00000000d5580000,0x00000000d5580000,0x00000000e6f00000)
  from space 33280K, 40% used [0x00000000e6f00000,0x00000000e7c39a40,0x00000000e8f80000)
  to   space 31744K, 0% used [0x00000000ec500000,0x00000000ec500000,0x00000000ee400000)
 ParOldGen       total 126464K, used 52043K [0x0000000080000000, 0x0000000087b80000, 0x00000000d5580000)
  object space 126464K, 41% used [0x0000000080000000,0x00000000832d2dc0,0x0000000087b80000)
 Metaspace       used 96970K, capacity 101030K, committed 102476K, reserved 1138688K
  class space    used 12511K, capacity 13356K, committed 13684K, reserved 1048576K
}
Event: 2705.052 GC heap before
{Heap before GC invocations=34 (full 4):
 PSYoungGen      total 321536K, used 301798K [0x00000000d5580000, 0x00000000ee400000, 0x0000000100000000)
  eden space 288256K, 100% used [0x00000000d5580000,0x00000000e6f00000,0x00000000e6f00000)
  from space 33280K, 40% used [0x00000000e6f00000,0x00000000e7c39a40,0x00000000e8f80000)
  to   space 31744K, 0% used [0x00000000ec500000,0x00000000ec500000,0x00000000ee400000)
 ParOldGen       total 126464K, used 52043K [0x0000000080000000, 0x0000000087b80000, 0x00000000d5580000)
  object space 126464K, 41% used [0x0000000080000000,0x00000000832d2dc0,0x0000000087b80000)
 Metaspace       used 102520K, capacity 107024K, committed 107468K, reserved 1142784K
  class space    used 13358K, capacity 14253K, committed 14324K, reserved 1048576K
Event: 2705.622 GC heap after
Heap after GC invocations=34 (full 4):
 PSYoungGen      total 373760K, used 24514K [0x00000000d5580000, 0x00000000ee580000, 0x0000000100000000)
  eden space 342016K, 0% used [0x00000000d5580000,0x00000000d5580000,0x00000000ea380000)
  from space 31744K, 77% used [0x00000000ec500000,0x00000000edcf0978,0x00000000ee400000)
  to   space 33792K, 0% used [0x00000000ea380000,0x00000000ea380000,0x00000000ec480000)
 ParOldGen       total 126464K, used 52051K [0x0000000080000000, 0x0000000087b80000, 0x00000000d5580000)
  object space 126464K, 41% used [0x0000000080000000,0x00000000832d4dc0,0x0000000087b80000)
 Metaspace       used 102520K, capacity 107024K, committed 107468K, reserved 1142784K
  class space    used 13358K, capacity 14253K, committed 14324K, reserved 1048576K
}
Event: 2715.170 GC heap before
{Heap before GC invocations=35 (full 4):
 PSYoungGen      total 373760K, used 366530K [0x00000000d5580000, 0x00000000ee580000, 0x0000000100000000)
  eden space 342016K, 100% used [0x00000000d5580000,0x00000000ea380000,0x00000000ea380000)
  from space 31744K, 77% used [0x00000000ec500000,0x00000000edcf0978,0x00000000ee400000)
  to   space 33792K, 0% used [0x00000000ea380000,0x00000000ea380000,0x00000000ec480000)
 ParOldGen       total 126464K, used 52051K [0x0000000080000000, 0x0000000087b80000, 0x00000000d5580000)
  object space 126464K, 41% used [0x0000000080000000,0x00000000832d4dc0,0x0000000087b80000)
 Metaspace       used 105365K, capacity 110308K, committed 110668K, reserved 1144832K
  class space    used 13618K, capacity 14547K, committed 14708K, reserved 1048576K
Event: 2716.006 GC heap after
Heap after GC invocations=35 (full 4):
 PSYoungGen      total 375808K, used 33779K [0x00000000d5580000, 0x00000000f3a00000, 0x0000000100000000)
  eden space 342016K, 0% used [0x00000000d5580000,0x00000000d5580000,0x00000000ea380000)
  from space 33792K, 99% used [0x00000000ea380000,0x00000000ec47ce40,0x00000000ec480000)
  to   space 44544K, 0% used [0x00000000f0e80000,0x00000000f0e80000,0x00000000f3a00000)
 ParOldGen       total 126464K, used 68596K [0x0000000080000000, 0x0000000087b80000, 0x00000000d5580000)
  object space 126464K, 54% used [0x0000000080000000,0x00000000842fd3c8,0x0000000087b80000)
 Metaspace       used 105365K, capacity 110308K, committed 110668K, reserved 1144832K
  class space    used 13618K, capacity 14547K, committed 14708K, reserved 1048576K
}

