# JRE version: OpenJDK Runtime Environment (8.0_242-b01) (build 1.8.0_242-release-1644-b01)
# Java VM: OpenJDK 64-Bit Server VM (25.242-b01 mixed mode windows-amd64 compressed oops)
Heap:
 PSYoungGen      total 422400K, used 307595K [0x00000000d5580000, 0x00000000f1980000, 0x0000000100000000)
  eden space 391168K, 73% used [0x00000000d5580000,0x00000000e6e0de68,0x00000000ed380000)
  from space 31232K, 65% used [0x00000000ef480000,0x00000000f0854f38,0x00000000f1300000)
  to   space 33792K, 0% used [0x00000000ed380000,0x00000000ed380000,0x00000000ef480000)
 ParOldGen       total 144384K, used 77911K [0x0000000080000000, 0x0000000088d00000, 0x00000000d5580000)
  object space 144384K, 53% used [0x0000000080000000,0x0000000084c15cc8,0x0000000088d00000)
 Metaspace       used 80011K, capacity 84318K, committed 85016K, reserved 1122304K
  class space    used 10860K, capacity 11647K, committed 11824K, reserved 1048576K
GC Heap History (10 events):
Event: 148.328 GC heap before
{Heap before GC invocations=24 (full 4):
 PSYoungGen      total 369152K, used 340508K [0x00000000d5580000, 0x00000000f1300000, 0x0000000100000000)
  eden space 337408K, 100% used [0x00000000d5580000,0x00000000e9f00000,0x00000000e9f00000)
  from space 31744K, 9% used [0x00000000e9f00000,0x00000000ea2073a0,0x00000000ebe00000)
  to   space 31232K, 0% used [0x00000000ef480000,0x00000000ef480000,0x00000000f1300000)
 ParOldGen       total 144384K, used 60749K [0x0000000080000000, 0x0000000088d00000, 0x00000000d5580000)
  object space 144384K, 42% used [0x0000000080000000,0x0000000083b536a0,0x0000000088d00000)
 Metaspace       used 79911K, capacity 84222K, committed 85016K, reserved 1122304K
  class space    used 10855K, capacity 11643K, committed 11824K, reserved 1048576K
Event: 148.822 GC heap after
Heap after GC invocations=24 (full 4):
 PSYoungGen      total 422400K, used 23680K [0x00000000d5580000, 0x00000000f1980000, 0x0000000100000000)
  eden space 391168K, 0% used [0x00000000d5580000,0x00000000d5580000,0x00000000ed380000)
  from space 31232K, 75% used [0x00000000ef480000,0x00000000f0ba03e0,0x00000000f1300000)
  to   space 33792K, 0% used [0x00000000ed380000,0x00000000ed380000,0x00000000ef480000)
 ParOldGen       total 144384K, used 60749K [0x0000000080000000, 0x0000000088d00000, 0x00000000d5580000)
  object space 144384K, 42% used [0x0000000080000000,0x0000000083b536a0,0x0000000088d00000)
 Metaspace       used 79911K, capacity 84222K, committed 85016K, reserved 1122304K
  class space    used 10855K, capacity 11643K, committed 11824K, reserved 1048576K
}
Event: 160.943 GC heap before
{Heap before GC invocations=25 (full 4):
 PSYoungGen      total 422400K, used 414848K [0x00000000d5580000, 0x00000000f1980000, 0x0000000100000000)
  eden space 391168K, 100% used [0x00000000d5580000,0x00000000ed380000,0x00000000ed380000)
  from space 31232K, 75% used [0x00000000ef480000,0x00000000f0ba03e0,0x00000000f1300000)
  to   space 33792K, 0% used [0x00000000ed380000,0x00000000ed380000,0x00000000ef480000)
 ParOldGen       total 144384K, used 60749K [0x0000000080000000, 0x0000000088d00000, 0x00000000d5580000)
  object space 144384K, 42% used [0x0000000080000000,0x0000000083b536a0,0x0000000088d00000)
 Metaspace       used 79938K, capacity 84242K, committed 85016K, reserved 1122304K
  class space    used 10858K, capacity 11645K, committed 11824K, reserved 1048576K
Event: 162.027 GC heap after
Heap after GC invocations=25 (full 4):
 PSYoungGen      total 424960K, used 27427K [0x00000000d5580000, 0x00000000f1980000, 0x0000000100000000)
  eden space 391168K, 0% used [0x00000000d5580000,0x00000000d5580000,0x00000000ed380000)
  from space 33792K, 81% used [0x00000000ed380000,0x00000000eee48c80,0x00000000ef480000)
  to   space 31232K, 0% used [0x00000000ef480000,0x00000000ef480000,0x00000000f1300000)
 ParOldGen       total 144384K, used 60749K [0x0000000080000000, 0x0000000088d00000, 0x00000000d5580000)
  object space 144384K, 42% used [0x0000000080000000,0x0000000083b536a0,0x0000000088d00000)
 Metaspace       used 79938K, capacity 84242K, committed 85016K, reserved 1122304K
  class space    used 10858K, capacity 11645K, committed 11824K, reserved 1048576K
}
Event: 179.640 GC heap before
{Heap before GC invocations=26 (full 4):
 PSYoungGen      total 424960K, used 418595K [0x00000000d5580000, 0x00000000f1980000, 0x0000000100000000)
  eden space 391168K, 100% used [0x00000000d5580000,0x00000000ed380000,0x00000000ed380000)
  from space 33792K, 81% used [0x00000000ed380000,0x00000000eee48c80,0x00000000ef480000)
  to   space 31232K, 0% used [0x00000000ef480000,0x00000000ef480000,0x00000000f1300000)
 ParOldGen       total 144384K, used 60749K [0x0000000080000000, 0x0000000088d00000, 0x00000000d5580000)
  object space 144384K, 42% used [0x0000000080000000,0x0000000083b536a0,0x0000000088d00000)
 Metaspace       used 79968K, capacity 84242K, committed 85016K, reserved 1122304K
  class space    used 10858K, capacity 11645K, committed 11824K, reserved 1048576K
Event: 180.018 GC heap after
Heap after GC invocations=26 (full 4):
 PSYoungGen      total 422400K, used 23030K [0x00000000d5580000, 0x00000000f1980000, 0x0000000100000000)
  eden space 391168K, 0% used [0x00000000d5580000,0x00000000d5580000,0x00000000ed380000)
  from space 31232K, 73% used [0x00000000ef480000,0x00000000f0afda20,0x00000000f1300000)
  to   space 33792K, 0% used [0x00000000ed380000,0x00000000ed380000,0x00000000ef480000)
 ParOldGen       total 144384K, used 63069K [0x0000000080000000, 0x0000000088d00000, 0x00000000d5580000)
  object space 144384K, 43% used [0x0000000080000000,0x0000000083d97780,0x0000000088d00000)
 Metaspace       used 79968K, capacity 84242K, committed 85016K, reserved 1122304K
  class space    used 10858K, capacity 11645K, committed 11824K, reserved 1048576K
}
Event: 185.858 GC heap before
{Heap before GC invocations=27 (full 4):
 PSYoungGen      total 422400K, used 414198K [0x00000000d5580000, 0x00000000f1980000, 0x0000000100000000)
  eden space 391168K, 100% used [0x00000000d5580000,0x00000000ed380000,0x00000000ed380000)
  from space 31232K, 73% used [0x00000000ef480000,0x00000000f0afda20,0x00000000f1300000)
  to   space 33792K, 0% used [0x00000000ed380000,0x00000000ed380000,0x00000000ef480000)
 ParOldGen       total 144384K, used 63069K [0x0000000080000000, 0x0000000088d00000, 0x00000000d5580000)
  object space 144384K, 43% used [0x0000000080000000,0x0000000083d97780,0x0000000088d00000)
 Metaspace       used 79987K, capacity 84306K, committed 85016K, reserved 1122304K
  class space    used 10858K, capacity 11645K, committed 11824K, reserved 1048576K
Event: 186.040 GC heap after
Heap after GC invocations=27 (full 4):
 PSYoungGen      total 424960K, used 19345K [0x00000000d5580000, 0x00000000f1980000, 0x0000000100000000)
  eden space 391168K, 0% used [0x00000000d5580000,0x00000000d5580000,0x00000000ed380000)
  from space 33792K, 57% used [0x00000000ed380000,0x00000000ee6646d8,0x00000000ef480000)
  to   space 31232K, 0% used [0x00000000ef480000,0x00000000ef480000,0x00000000f1300000)
 ParOldGen       total 144384K, used 73783K [0x0000000080000000, 0x0000000088d00000, 0x00000000d5580000)
  object space 144384K, 51% used [0x0000000080000000,0x000000008480dcb8,0x0000000088d00000)
 Metaspace       used 79987K, capacity 84306K, committed 85016K, reserved 1122304K
  class space    used 10858K, capacity 11645K, committed 11824K, reserved 1048576K
}
Event: 189.601 GC heap before
{Heap before GC invocations=28 (full 4):
 PSYoungGen      total 424960K, used 410513K [0x00000000d5580000, 0x00000000f1980000, 0x0000000100000000)
  eden space 391168K, 100% used [0x00000000d5580000,0x00000000ed380000,0x00000000ed380000)
  from space 33792K, 57% used [0x00000000ed380000,0x00000000ee6646d8,0x00000000ef480000)
  to   space 31232K, 0% used [0x00000000ef480000,0x00000000ef480000,0x00000000f1300000)
 ParOldGen       total 144384K, used 73783K [0x0000000080000000, 0x0000000088d00000, 0x00000000d5580000)
  object space 144384K, 51% used [0x0000000080000000,0x000000008480dcb8,0x0000000088d00000)
 Metaspace       used 80004K, capacity 84318K, committed 85016K, reserved 1122304K
  class space    used 10860K, capacity 11647K, committed 11824K, reserved 1048576K
Event: 189.710 GC heap after
Heap after GC invocations=28 (full 4):
 PSYoungGen      total 422400K, used 20307K [0x00000000d5580000, 0x00000000f1980000, 0x0000000100000000)
  eden space 391168K, 0% used [0x00000000d5580000,0x00000000d5580000,0x00000000ed380000)
  from space 31232K, 65% used [0x00000000ef480000,0x00000000f0854f38,0x00000000f1300000)
  to   space 33792K, 0% used [0x00000000ed380000,0x00000000ed380000,0x00000000ef480000)
 ParOldGen       total 144384K, used 77911K [0x0000000080000000, 0x0000000088d00000, 0x00000000d5580000)
  object space 144384K, 53% used [0x0000000080000000,0x0000000084c15cc8,0x0000000088d00000)
 Metaspace       used 80004K, capacity 84318K, committed 85016K, reserved 1122304K
  class space    used 10860K, capacity 11647K, committed 11824K, reserved 1048576K
}

