# JRE version: OpenJDK Runtime Environment (8.0_242-b01) (build 1.8.0_242-release-1644-b01)
# Java VM: OpenJDK 64-Bit Server VM (25.242-b01 mixed mode windows-amd64 compressed oops)
Heap:
 PSYoungGen      total 374272K, used 75883K [0x00000000d5580000, 0x00000000eeb00000, 0x0000000100000000)
  eden space 333824K, 19% used [0x00000000d5580000,0x00000000d9398598,0x00000000e9b80000)
  from space 40448K, 30% used [0x00000000ec280000,0x00000000ece82920,0x00000000eea00000)
  to   space 39936K, 0% used [0x00000000e9b80000,0x00000000e9b80000,0x00000000ec280000)
 ParOldGen       total 155648K, used 121201K [0x0000000080000000, 0x0000000089800000, 0x00000000d5580000)
  object space 155648K, 77% used [0x0000000080000000,0x000000008765c408,0x0000000089800000)
 Metaspace       used 93915K, capacity 99010K, committed 99288K, reserved 1134592K
  class space    used 12537K, capacity 13517K, committed 13568K, reserved 1048576K
GC Heap History (10 events):
Event: 195.985 GC heap before
{Heap before GC invocations=26 (full 4):
 PSYoungGen      total 318464K, used 286507K [0x00000000d5580000, 0x00000000eea00000, 0x0000000100000000)
  eden space 276480K, 100% used [0x00000000d5580000,0x00000000e6380000,0x00000000e6380000)
  from space 41984K, 23% used [0x00000000e6380000,0x00000000e6d4ac28,0x00000000e8c80000)
  to   space 40448K, 0% used [0x00000000ec280000,0x00000000ec280000,0x00000000eea00000)
 ParOldGen       total 155648K, used 95611K [0x0000000080000000, 0x0000000089800000, 0x00000000d5580000)
  object space 155648K, 61% used [0x0000000080000000,0x0000000085d5ee00,0x0000000089800000)
 Metaspace       used 93286K, capacity 98284K, committed 98520K, reserved 1134592K
  class space    used 12505K, capacity 13466K, committed 13568K, reserved 1048576K
Event: 197.249 GC heap after
Heap after GC invocations=26 (full 4):
 PSYoungGen      total 374272K, used 6232K [0x00000000d5580000, 0x00000000eeb00000, 0x0000000100000000)
  eden space 333824K, 0% used [0x00000000d5580000,0x00000000d5580000,0x00000000e9b80000)
  from space 40448K, 15% used [0x00000000ec280000,0x00000000ec896020,0x00000000eea00000)
  to   space 39936K, 0% used [0x00000000e9b80000,0x00000000e9b80000,0x00000000ec280000)
 ParOldGen       total 155648K, used 104505K [0x0000000080000000, 0x0000000089800000, 0x00000000d5580000)
  object space 155648K, 67% used [0x0000000080000000,0x000000008660e4e0,0x0000000089800000)
 Metaspace       used 93286K, capacity 98284K, committed 98520K, reserved 1134592K
  class space    used 12505K, capacity 13466K, committed 13568K, reserved 1048576K
}
Event: 210.237 GC heap before
{Heap before GC invocations=27 (full 4):
 PSYoungGen      total 374272K, used 340056K [0x00000000d5580000, 0x00000000eeb00000, 0x0000000100000000)
  eden space 333824K, 100% used [0x00000000d5580000,0x00000000e9b80000,0x00000000e9b80000)
  from space 40448K, 15% used [0x00000000ec280000,0x00000000ec896020,0x00000000eea00000)
  to   space 39936K, 0% used [0x00000000e9b80000,0x00000000e9b80000,0x00000000ec280000)
 ParOldGen       total 155648K, used 104505K [0x0000000080000000, 0x0000000089800000, 0x00000000d5580000)
  object space 155648K, 67% used [0x0000000080000000,0x000000008660e4e0,0x0000000089800000)
 Metaspace       used 93449K, capacity 98478K, committed 98776K, reserved 1134592K
  class space    used 12518K, capacity 13505K, committed 13568K, reserved 1048576K
Event: 211.159 GC heap after
Heap after GC invocations=27 (full 4):
 PSYoungGen      total 373760K, used 4896K [0x00000000d5580000, 0x00000000eeb00000, 0x0000000100000000)
  eden space 333824K, 0% used [0x00000000d5580000,0x00000000d5580000,0x00000000e9b80000)
  from space 39936K, 12% used [0x00000000e9b80000,0x00000000ea048000,0x00000000ec280000)
  to   space 40448K, 0% used [0x00000000ec280000,0x00000000ec280000,0x00000000eea00000)
 ParOldGen       total 155648K, used 110220K [0x0000000080000000, 0x0000000089800000, 0x00000000d5580000)
  object space 155648K, 70% used [0x0000000080000000,0x0000000086ba3128,0x0000000089800000)
 Metaspace       used 93449K, capacity 98478K, committed 98776K, reserved 1134592K
  class space    used 12518K, capacity 13505K, committed 13568K, reserved 1048576K
}
Event: 224.244 GC heap before
{Heap before GC invocations=28 (full 4):
 PSYoungGen      total 373760K, used 338720K [0x00000000d5580000, 0x00000000eeb00000, 0x0000000100000000)
  eden space 333824K, 100% used [0x00000000d5580000,0x00000000e9b80000,0x00000000e9b80000)
  from space 39936K, 12% used [0x00000000e9b80000,0x00000000ea048000,0x00000000ec280000)
  to   space 40448K, 0% used [0x00000000ec280000,0x00000000ec280000,0x00000000eea00000)
 ParOldGen       total 155648K, used 110220K [0x0000000080000000, 0x0000000089800000, 0x00000000d5580000)
  object space 155648K, 70% used [0x0000000080000000,0x0000000086ba3128,0x0000000089800000)
 Metaspace       used 93599K, capacity 98722K, committed 98776K, reserved 1134592K
  class space    used 12532K, capacity 13515K, committed 13568K, reserved 1048576K
Event: 224.846 GC heap after
Heap after GC invocations=28 (full 4):
 PSYoungGen      total 374272K, used 5541K [0x00000000d5580000, 0x00000000eeb00000, 0x0000000100000000)
  eden space 333824K, 0% used [0x00000000d5580000,0x00000000d5580000,0x00000000e9b80000)
  from space 40448K, 13% used [0x00000000ec280000,0x00000000ec7e96c8,0x00000000eea00000)
  to   space 39936K, 0% used [0x00000000e9b80000,0x00000000e9b80000,0x00000000ec280000)
 ParOldGen       total 155648K, used 113724K [0x0000000080000000, 0x0000000089800000, 0x00000000d5580000)
  object space 155648K, 73% used [0x0000000080000000,0x0000000086f0f178,0x0000000089800000)
 Metaspace       used 93599K, capacity 98722K, committed 98776K, reserved 1134592K
  class space    used 12532K, capacity 13515K, committed 13568K, reserved 1048576K
}
Event: 228.539 GC heap before
{Heap before GC invocations=29 (full 4):
 PSYoungGen      total 374272K, used 339365K [0x00000000d5580000, 0x00000000eeb00000, 0x0000000100000000)
  eden space 333824K, 100% used [0x00000000d5580000,0x00000000e9b80000,0x00000000e9b80000)
  from space 40448K, 13% used [0x00000000ec280000,0x00000000ec7e96c8,0x00000000eea00000)
  to   space 39936K, 0% used [0x00000000e9b80000,0x00000000e9b80000,0x00000000ec280000)
 ParOldGen       total 155648K, used 113724K [0x0000000080000000, 0x0000000089800000, 0x00000000d5580000)
  object space 155648K, 73% used [0x0000000080000000,0x0000000086f0f178,0x0000000089800000)
 Metaspace       used 93801K, capacity 98878K, committed 99032K, reserved 1134592K
  class space    used 12535K, capacity 13517K, committed 13568K, reserved 1048576K
Event: 228.604 GC heap after
Heap after GC invocations=29 (full 4):
 PSYoungGen      total 373760K, used 7467K [0x00000000d5580000, 0x00000000eeb00000, 0x0000000100000000)
  eden space 333824K, 0% used [0x00000000d5580000,0x00000000d5580000,0x00000000e9b80000)
  from space 39936K, 18% used [0x00000000e9b80000,0x00000000ea2cad00,0x00000000ec280000)
  to   space 40448K, 0% used [0x00000000ec280000,0x00000000ec280000,0x00000000eea00000)
 ParOldGen       total 155648K, used 117616K [0x0000000080000000, 0x0000000089800000, 0x00000000d5580000)
  object space 155648K, 75% used [0x0000000080000000,0x00000000872dc100,0x0000000089800000)
 Metaspace       used 93801K, capacity 98878K, committed 99032K, reserved 1134592K
  class space    used 12535K, capacity 13517K, committed 13568K, reserved 1048576K
}
Event: 232.279 GC heap before
{Heap before GC invocations=30 (full 4):
 PSYoungGen      total 373760K, used 341291K [0x00000000d5580000, 0x00000000eeb00000, 0x0000000100000000)
  eden space 333824K, 100% used [0x00000000d5580000,0x00000000e9b80000,0x00000000e9b80000)
  from space 39936K, 18% used [0x00000000e9b80000,0x00000000ea2cad00,0x00000000ec280000)
  to   space 40448K, 0% used [0x00000000ec280000,0x00000000ec280000,0x00000000eea00000)
 ParOldGen       total 155648K, used 117616K [0x0000000080000000, 0x0000000089800000, 0x00000000d5580000)
  object space 155648K, 75% used [0x0000000080000000,0x00000000872dc100,0x0000000089800000)
 Metaspace       used 93905K, capacity 99006K, committed 99288K, reserved 1134592K
  class space    used 12535K, capacity 13517K, committed 13568K, reserved 1048576K
Event: 232.335 GC heap after
Heap after GC invocations=30 (full 4):
 PSYoungGen      total 374272K, used 12298K [0x00000000d5580000, 0x00000000eeb00000, 0x0000000100000000)
  eden space 333824K, 0% used [0x00000000d5580000,0x00000000d5580000,0x00000000e9b80000)
  from space 40448K, 30% used [0x00000000ec280000,0x00000000ece82920,0x00000000eea00000)
  to   space 39936K, 0% used [0x00000000e9b80000,0x00000000e9b80000,0x00000000ec280000)
 ParOldGen       total 155648K, used 121201K [0x0000000080000000, 0x0000000089800000, 0x00000000d5580000)
  object space 155648K, 77% used [0x0000000080000000,0x000000008765c408,0x0000000089800000)
 Metaspace       used 93905K, capacity 99006K, committed 99288K, reserved 1134592K
  class space    used 12535K, capacity 13517K, committed 13568K, reserved 1048576K
}

